<?xml version="1.0" encoding="UTF-8"?>
<!-- Generated by org.testng.reporters.JUnitReportReporter -->
<testsuite hostname="DESKTOP-8J59FI1" name="com.OrangeHRM_TestRunner.OrangeHRM_TestNG" tests="1" failures="0" timestamp="8 Dec 2020 18:19:40 GMT" time="115.233" errors="0">
  <testcase name="feature" time="115.233" classname="com.OrangeHRM_TestRunner.OrangeHRM_TestNG"/>
</testsuite> <!-- com.OrangeHRM_TestRunner.OrangeHRM_TestNG -->
